  main.cpp
  Instruction.cpp
Instruction.cpp(101): warning C4244: “参数”: 从“ULL”转换到“const unsigned int”，可能丢失数据
Instruction.cpp(102): warning C4244: “参数”: 从“ULL”转换到“const unsigned int”，可能丢失数据
  Pipeline.cpp
Pipeline.cpp(107): warning C4244: “=”: 从“ULL”转换到“int”，可能丢失数据
Pipeline.cpp(146): warning C4244: “=”: 从“ULL”转换到“int”，可能丢失数据
Pipeline.cpp(189): warning C4244: “=”: 从“ULL”转换到“int”，可能丢失数据
Pipeline.cpp(192): warning C4244: “=”: 从“ULL”转换到“int”，可能丢失数据
Pipeline.cpp(195): warning C4244: “=”: 从“ULL”转换到“int”，可能丢失数据
Pipeline.cpp(198): warning C4244: “=”: 从“ULL”转换到“int”，可能丢失数据
Pipeline.cpp(204): warning C4244: “=”: 从“ULL”转换到“int”，可能丢失数据
Pipeline.cpp(224): warning C4244: “=”: 从“LL”转换到“int”，可能丢失数据
Pipeline.cpp(225): warning C4244: “=”: 从“LL”转换到“int”，可能丢失数据
Pipeline.cpp(237): warning C4244: “=”: 从“ULL”转换到“int”，可能丢失数据
Pipeline.cpp(238): warning C4244: “=”: 从“ULL”转换到“int”，可能丢失数据
Pipeline.cpp(247): warning C4244: “=”: 从“ULL”转换到“int”，可能丢失数据
Pipeline.cpp(250): warning C4244: “=”: 从“ULL”转换到“int”，可能丢失数据
Pipeline.cpp(254): warning C4244: “=”: 从“ULL”转换到“int”，可能丢失数据
Pipeline.cpp(258): warning C4244: “=”: 从“ULL”转换到“int”，可能丢失数据
Pipeline.cpp(262): warning C4244: “=”: 从“ULL”转换到“int”，可能丢失数据
Pipeline.cpp(266): warning C4244: “=”: 从“ULL”转换到“int”，可能丢失数据
Pipeline.cpp(270): warning C4244: “=”: 从“ULL”转换到“int”，可能丢失数据
Pipeline.cpp(274): warning C4244: “=”: 从“ULL”转换到“int”，可能丢失数据
Pipeline.cpp(278): warning C4244: “=”: 从“ULL”转换到“int”，可能丢失数据
Pipeline.cpp(282): warning C4244: “=”: 从“ULL”转换到“int”，可能丢失数据
Pipeline.cpp(286): warning C4244: “=”: 从“ULL”转换到“int”，可能丢失数据
Pipeline.cpp(290): warning C4244: “=”: 从“ULL”转换到“int”，可能丢失数据
Pipeline.cpp(294): warning C4244: “=”: 从“ULL”转换到“int”，可能丢失数据
Pipeline.cpp(298): warning C4244: “=”: 从“ULL”转换到“int”，可能丢失数据
Pipeline.cpp(302): warning C4244: “=”: 从“ULL”转换到“int”，可能丢失数据
Pipeline.cpp(306): warning C4244: “=”: 从“ULL”转换到“int”，可能丢失数据
Pipeline.cpp(310): warning C4244: “=”: 从“ULL”转换到“int”，可能丢失数据
Pipeline.cpp(314): warning C4244: “=”: 从“ULL”转换到“int”，可能丢失数据
Pipeline.cpp(318): warning C4244: “=”: 从“ULL”转换到“int”，可能丢失数据
  Program.cpp
  Reader.cpp
  正在生成代码...
  LINK : 已指定 /LTCG，但不需要生成代码；从链接命令行中移除 /LTCG 以提高链接器性能
  MIPS_Pipeline.vcxproj -> f:\Documents\Projects\MIPS\Release\MIPS_Pipeline.exe
