  Instruction.cpp
Instruction.cpp(101): warning C4244: “参数”: 从“ULL”转换到“const unsigned int”，可能丢失数据
Instruction.cpp(102): warning C4244: “参数”: 从“ULL”转换到“const unsigned int”，可能丢失数据
  main.cpp
  Pipeline.cpp
Pipeline.cpp(82): warning C4244: “=”: 从“ULL”转换到“int”，可能丢失数据
Pipeline.cpp(120): warning C4244: “=”: 从“ULL”转换到“int”，可能丢失数据
Pipeline.cpp(125): warning C4244: “=”: 从“ULL”转换到“int”，可能丢失数据
Pipeline.cpp(151): warning C4244: “=”: 从“ULL”转换到“int”，可能丢失数据
Pipeline.cpp(194): warning C4244: “=”: 从“ULL”转换到“int”，可能丢失数据
Pipeline.cpp(197): warning C4244: “=”: 从“ULL”转换到“int”，可能丢失数据
Pipeline.cpp(200): warning C4244: “=”: 从“ULL”转换到“int”，可能丢失数据
Pipeline.cpp(203): warning C4244: “=”: 从“ULL”转换到“int”，可能丢失数据
Pipeline.cpp(209): warning C4244: “=”: 从“ULL”转换到“int”，可能丢失数据
Pipeline.cpp(229): warning C4244: “=”: 从“LL”转换到“int”，可能丢失数据
Pipeline.cpp(230): warning C4244: “=”: 从“LL”转换到“int”，可能丢失数据
Pipeline.cpp(242): warning C4244: “=”: 从“ULL”转换到“int”，可能丢失数据
Pipeline.cpp(243): warning C4244: “=”: 从“ULL”转换到“int”，可能丢失数据
  Program.cpp
  Reader.cpp
  正在生成代码...
  LINK : 已指定 /LTCG，但不需要生成代码；从链接命令行中移除 /LTCG 以提高链接器性能
  MIPS_Prediction.vcxproj -> f:\Documents\Projects\MIPS\Release\MIPS_Prediction.exe
